2025-12-18T12:41:40.135+05:30  INFO 85847 --- [bookstore] [main] c.a.bookstore.BookstoreApplication       : Starting BookstoreApplication using Java 21.0.9 with PID 85847 (/Users/dewruwan/Downloads/Final Project/bookstore/target/classes started by dewruwan in /Users/dewruwan/Downloads/Final Project/bookstore)
2025-12-18T12:41:40.136+05:30  INFO 85847 --- [bookstore] [main] c.a.bookstore.BookstoreApplication       : No active profile set, falling back to 1 default profile: "default"
2025-12-18T12:41:42.613+05:30 TRACE 85847 --- [bookstore] [main] eGlobalAuthenticationAutowiredConfigurer : Eagerly initializing {org.springframework.boot.autoconfigure.security.servlet.SpringBootWebSecurityConfiguration$WebSecurityEnablerConfiguration=org.springframework.boot.autoconfigure.security.servlet.SpringBootWebSecurityConfiguration$WebSecurityEnablerConfiguration@475b796d}
2025-12-18T12:41:42.619+05:30  INFO 85847 --- [bookstore] [main] r$InitializeUserDetailsManagerConfigurer : Global AuthenticationManager configured with UserDetailsService bean with name appUserService
2025-12-18T12:41:42.866+05:30 DEBUG 85847 --- [bookstore] [main] o.s.s.web.DefaultSecurityFilterChain     : Will secure any request with filters: DisableEncodeUrlFilter, WebAsyncManagerIntegrationFilter, SecurityContextHolderFilter, HeaderWriterFilter, LogoutFilter, BasicAuthenticationFilter, RequestCacheAwareFilter, SecurityContextHolderAwareRequestFilter, AnonymousAuthenticationFilter, ExceptionTranslationFilter, AuthorizationFilter
2025-12-18T12:41:43.171+05:30  INFO 85847 --- [bookstore] [main] c.a.bookstore.BookstoreApplication       : Started BookstoreApplication in 3.273 seconds (process running for 3.604)
2025-12-18T12:41:43.173+05:30  WARN 85847 --- [bookstore] [main] o.s.core.events.SpringDocAppInitializer  : SpringDoc /v3/api-docs endpoint is enabled by default. To disable it in production, set the property 'springdoc.api-docs.enabled=false'
2025-12-18T12:41:43.174+05:30  WARN 85847 --- [bookstore] [main] o.s.core.events.SpringDocAppInitializer  : SpringDoc /swagger-ui.html endpoint is enabled by default. To disable it in production, set the property 'springdoc.swagger-ui.enabled=false'
2025-12-18T12:41:55.897+05:30 TRACE 85847 --- [bookstore] [http-nio-8080-exec-1] o.s.security.web.FilterChainProxy        : Trying to match request against DefaultSecurityFilterChain defined as 'defaultSecurityFilterChain' in [class path resource [com/application/bookstore/config/SecurityConfig.class]] matching [any request] and having filters [DisableEncodeUrl, WebAsyncManagerIntegration, SecurityContextHolder, HeaderWriter, Logout, BasicAuthentication, RequestCacheAware, SecurityContextHolderAwareRequest, AnonymousAuthentication, ExceptionTranslation, Authorization] (1/1)
2025-12-18T12:41:55.898+05:30 DEBUG 85847 --- [bookstore] [http-nio-8080-exec-1] o.s.security.web.FilterChainProxy        : Securing GET /swagger-ui/index.html
2025-12-18T12:41:55.900+05:30 TRACE 85847 --- [bookstore] [http-nio-8080-exec-1] o.s.security.web.FilterChainProxy        : Invoking DisableEncodeUrlFilter (1/11)
2025-12-18T12:41:55.900+05:30 TRACE 85847 --- [bookstore] [http-nio-8080-exec-1] o.s.security.web.FilterChainProxy        : Invoking WebAsyncManagerIntegrationFilter (2/11)
2025-12-18T12:41:55.907+05:30 TRACE 85847 --- [bookstore] [http-nio-8080-exec-1] o.s.security.web.FilterChainProxy        : Invoking SecurityContextHolderFilter (3/11)
2025-12-18T12:41:55.909+05:30 TRACE 85847 --- [bookstore] [http-nio-8080-exec-1] o.s.security.web.FilterChainProxy        : Invoking HeaderWriterFilter (4/11)
2025-12-18T12:41:55.912+05:30 TRACE 85847 --- [bookstore] [http-nio-8080-exec-1] o.s.security.web.FilterChainProxy        : Invoking LogoutFilter (5/11)
2025-12-18T12:41:55.912+05:30 TRACE 85847 --- [bookstore] [http-nio-8080-exec-1] o.s.s.w.a.logout.LogoutFilter            : Did not match request to Or [Ant [pattern='/logout', GET], Ant [pattern='/logout', POST], Ant [pattern='/logout', PUT], Ant [pattern='/logout', DELETE]]
2025-12-18T12:41:55.913+05:30 TRACE 85847 --- [bookstore] [http-nio-8080-exec-1] o.s.security.web.FilterChainProxy        : Invoking BasicAuthenticationFilter (6/11)
2025-12-18T12:41:55.913+05:30 TRACE 85847 --- [bookstore] [http-nio-8080-exec-1] o.s.s.w.a.www.BasicAuthenticationFilter  : Did not process authentication request since failed to find username and password in Basic Authorization header
2025-12-18T12:41:55.913+05:30 TRACE 85847 --- [bookstore] [http-nio-8080-exec-1] o.s.security.web.FilterChainProxy        : Invoking RequestCacheAwareFilter (7/11)
2025-12-18T12:41:55.914+05:30 TRACE 85847 --- [bookstore] [http-nio-8080-exec-1] o.s.s.w.s.HttpSessionRequestCache        : matchingRequestParameterName is required for getMatchingRequest to lookup a value, but not provided
2025-12-18T12:41:55.914+05:30 TRACE 85847 --- [bookstore] [http-nio-8080-exec-1] o.s.security.web.FilterChainProxy        : Invoking SecurityContextHolderAwareRequestFilter (8/11)
2025-12-18T12:41:55.916+05:30 TRACE 85847 --- [bookstore] [http-nio-8080-exec-1] o.s.security.web.FilterChainProxy        : Invoking AnonymousAuthenticationFilter (9/11)
2025-12-18T12:41:55.916+05:30 TRACE 85847 --- [bookstore] [http-nio-8080-exec-1] o.s.security.web.FilterChainProxy        : Invoking ExceptionTranslationFilter (10/11)
2025-12-18T12:41:55.916+05:30 TRACE 85847 --- [bookstore] [http-nio-8080-exec-1] o.s.security.web.FilterChainProxy        : Invoking AuthorizationFilter (11/11)
2025-12-18T12:41:55.918+05:30 TRACE 85847 --- [bookstore] [http-nio-8080-exec-1] estMatcherDelegatingAuthorizationManager : Authorizing GET /swagger-ui/index.html
2025-12-18T12:41:55.923+05:30 TRACE 85847 --- [bookstore] [http-nio-8080-exec-1] estMatcherDelegatingAuthorizationManager : Checking authorization on GET /swagger-ui/index.html using org.springframework.security.authorization.SingleResultAuthorizationManager@9c996d
2025-12-18T12:41:55.923+05:30 DEBUG 85847 --- [bookstore] [http-nio-8080-exec-1] o.s.security.web.FilterChainProxy        : Secured GET /swagger-ui/index.html
2025-12-18T12:41:55.962+05:30 TRACE 85847 --- [bookstore] [http-nio-8080-exec-1] o.s.s.w.header.writers.HstsHeaderWriter  : Not injecting HSTS header since it did not match request to [Is Secure]
2025-12-18T12:41:55.964+05:30 TRACE 85847 --- [bookstore] [http-nio-8080-exec-1] w.c.HttpSessionSecurityContextRepository : No HttpSession currently exists
2025-12-18T12:41:55.964+05:30 TRACE 85847 --- [bookstore] [http-nio-8080-exec-1] .s.s.w.c.SupplierDeferredSecurityContext : Created SecurityContextImpl [Null authentication]
2025-12-18T12:41:55.964+05:30 TRACE 85847 --- [bookstore] [http-nio-8080-exec-1] .s.s.w.c.SupplierDeferredSecurityContext : Created SecurityContextImpl [Null authentication]
2025-12-18T12:41:55.965+05:30 TRACE 85847 --- [bookstore] [http-nio-8080-exec-1] o.s.s.w.a.AnonymousAuthenticationFilter  : Set SecurityContextHolder to AnonymousAuthenticationToken [Principal=anonymousUser, Credentials=[PROTECTED], Authenticated=true, Details=WebAuthenticationDetails [RemoteIpAddress=0:0:0:0:0:0:0:1, SessionId=null], Granted Authorities=[ROLE_ANONYMOUS]]
2025-12-18T12:41:56.000+05:30 TRACE 85847 --- [bookstore] [http-nio-8080-exec-2] o.s.security.web.FilterChainProxy        : Trying to match request against DefaultSecurityFilterChain defined as 'defaultSecurityFilterChain' in [class path resource [com/application/bookstore/config/SecurityConfig.class]] matching [any request] and having filters [DisableEncodeUrl, WebAsyncManagerIntegration, SecurityContextHolder, HeaderWriter, Logout, BasicAuthentication, RequestCacheAware, SecurityContextHolderAwareRequest, AnonymousAuthentication, ExceptionTranslation, Authorization] (1/1)
2025-12-18T12:41:56.000+05:30 DEBUG 85847 --- [bookstore] [http-nio-8080-exec-2] o.s.security.web.FilterChainProxy        : Securing GET /swagger-ui/swagger-ui.css
2025-12-18T12:41:56.000+05:30 TRACE 85847 --- [bookstore] [http-nio-8080-exec-2] o.s.security.web.FilterChainProxy        : Invoking DisableEncodeUrlFilter (1/11)
2025-12-18T12:41:56.001+05:30 TRACE 85847 --- [bookstore] [http-nio-8080-exec-2] o.s.security.web.FilterChainProxy        : Invoking WebAsyncManagerIntegrationFilter (2/11)
2025-12-18T12:41:56.001+05:30 TRACE 85847 --- [bookstore] [http-nio-8080-exec-2] o.s.security.web.FilterChainProxy        : Invoking SecurityContextHolderFilter (3/11)
2025-12-18T12:41:56.002+05:30 TRACE 85847 --- [bookstore] [http-nio-8080-exec-2] o.s.security.web.FilterChainProxy        : Invoking HeaderWriterFilter (4/11)
2025-12-18T12:41:56.003+05:30 TRACE 85847 --- [bookstore] [http-nio-8080-exec-2] o.s.security.web.FilterChainProxy        : Invoking LogoutFilter (5/11)
2025-12-18T12:41:56.004+05:30 TRACE 85847 --- [bookstore] [http-nio-8080-exec-2] o.s.s.w.a.logout.LogoutFilter            : Did not match request to Or [Ant [pattern='/logout', GET], Ant [pattern='/logout', POST], Ant [pattern='/logout', PUT], Ant [pattern='/logout', DELETE]]
2025-12-18T12:41:56.005+05:30 TRACE 85847 --- [bookstore] [http-nio-8080-exec-2] o.s.security.web.FilterChainProxy        : Invoking BasicAuthenticationFilter (6/11)
2025-12-18T12:41:56.005+05:30 TRACE 85847 --- [bookstore] [http-nio-8080-exec-2] o.s.s.w.a.www.BasicAuthenticationFilter  : Did not process authentication request since failed to find username and password in Basic Authorization header
2025-12-18T12:41:56.006+05:30 TRACE 85847 --- [bookstore] [http-nio-8080-exec-2] o.s.security.web.FilterChainProxy        : Invoking RequestCacheAwareFilter (7/11)
2025-12-18T12:41:56.006+05:30 TRACE 85847 --- [bookstore] [http-nio-8080-exec-2] o.s.s.w.s.HttpSessionRequestCache        : matchingRequestParameterName is required for getMatchingRequest to lookup a value, but not provided
2025-12-18T12:41:56.006+05:30 TRACE 85847 --- [bookstore] [http-nio-8080-exec-2] o.s.security.web.FilterChainProxy        : Invoking SecurityContextHolderAwareRequestFilter (8/11)
2025-12-18T12:41:56.006+05:30 TRACE 85847 --- [bookstore] [http-nio-8080-exec-2] o.s.security.web.FilterChainProxy        : Invoking AnonymousAuthenticationFilter (9/11)
2025-12-18T12:41:56.006+05:30 TRACE 85847 --- [bookstore] [http-nio-8080-exec-2] o.s.security.web.FilterChainProxy        : Invoking ExceptionTranslationFilter (10/11)
2025-12-18T12:41:56.006+05:30 TRACE 85847 --- [bookstore] [http-nio-8080-exec-2] o.s.security.web.FilterChainProxy        : Invoking AuthorizationFilter (11/11)
2025-12-18T12:41:56.006+05:30 TRACE 85847 --- [bookstore] [http-nio-8080-exec-2] estMatcherDelegatingAuthorizationManager : Authorizing GET /swagger-ui/swagger-ui.css
2025-12-18T12:41:56.006+05:30 TRACE 85847 --- [bookstore] [http-nio-8080-exec-3] o.s.security.web.FilterChainProxy        : Trying to match request against DefaultSecurityFilterChain defined as 'defaultSecurityFilterChain' in [class path resource [com/application/bookstore/config/SecurityConfig.class]] matching [any request] and having filters [DisableEncodeUrl, WebAsyncManagerIntegration, SecurityContextHolder, HeaderWriter, Logout, BasicAuthentication, RequestCacheAware, SecurityContextHolderAwareRequest, AnonymousAuthentication, ExceptionTranslation, Authorization] (1/1)
2025-12-18T12:41:56.006+05:30 DEBUG 85847 --- [bookstore] [http-nio-8080-exec-3] o.s.security.web.FilterChainProxy        : Securing GET /swagger-ui/index.css
2025-12-18T12:41:56.006+05:30 TRACE 85847 --- [bookstore] [http-nio-8080-exec-2] estMatcherDelegatingAuthorizationManager : Checking authorization on GET /swagger-ui/swagger-ui.css using org.springframework.security.authorization.SingleResultAuthorizationManager@9c996d
2025-12-18T12:41:56.006+05:30 DEBUG 85847 --- [bookstore] [http-nio-8080-exec-2] o.s.security.web.FilterChainProxy        : Secured GET /swagger-ui/swagger-ui.css
2025-12-18T12:41:56.006+05:30 TRACE 85847 --- [bookstore] [http-nio-8080-exec-3] o.s.security.web.FilterChainProxy        : Invoking DisableEncodeUrlFilter (1/11)
2025-12-18T12:41:56.006+05:30 TRACE 85847 --- [bookstore] [http-nio-8080-exec-3] o.s.security.web.FilterChainProxy        : Invoking WebAsyncManagerIntegrationFilter (2/11)
2025-12-18T12:41:56.006+05:30 TRACE 85847 --- [bookstore] [http-nio-8080-exec-3] o.s.security.web.FilterChainProxy        : Invoking SecurityContextHolderFilter (3/11)
2025-12-18T12:41:56.007+05:30 TRACE 85847 --- [bookstore] [http-nio-8080-exec-3] o.s.security.web.FilterChainProxy        : Invoking HeaderWriterFilter (4/11)
2025-12-18T12:41:56.007+05:30 TRACE 85847 --- [bookstore] [http-nio-8080-exec-3] o.s.security.web.FilterChainProxy        : Invoking LogoutFilter (5/11)
2025-12-18T12:41:56.007+05:30 TRACE 85847 --- [bookstore] [http-nio-8080-exec-3] o.s.s.w.a.logout.LogoutFilter            : Did not match request to Or [Ant [pattern='/logout', GET], Ant [pattern='/logout', POST], Ant [pattern='/logout', PUT], Ant [pattern='/logout', DELETE]]
2025-12-18T12:41:56.007+05:30 TRACE 85847 --- [bookstore] [http-nio-8080-exec-3] o.s.security.web.FilterChainProxy        : Invoking BasicAuthenticationFilter (6/11)
2025-12-18T12:41:56.007+05:30 TRACE 85847 --- [bookstore] [http-nio-8080-exec-3] o.s.s.w.a.www.BasicAuthenticationFilter  : Did not process authentication request since failed to find username and password in Basic Authorization header
2025-12-18T12:41:56.007+05:30 TRACE 85847 --- [bookstore] [http-nio-8080-exec-3] o.s.security.web.FilterChainProxy        : Invoking RequestCacheAwareFilter (7/11)
2025-12-18T12:41:56.007+05:30 TRACE 85847 --- [bookstore] [http-nio-8080-exec-3] o.s.s.w.s.HttpSessionRequestCache        : matchingRequestParameterName is required for getMatchingRequest to lookup a value, but not provided
2025-12-18T12:41:56.007+05:30 TRACE 85847 --- [bookstore] [http-nio-8080-exec-3] o.s.security.web.FilterChainProxy        : Invoking SecurityContextHolderAwareRequestFilter (8/11)
2025-12-18T12:41:56.007+05:30 TRACE 85847 --- [bookstore] [http-nio-8080-exec-3] o.s.security.web.FilterChainProxy        : Invoking AnonymousAuthenticationFilter (9/11)
2025-12-18T12:41:56.007+05:30 TRACE 85847 --- [bookstore] [http-nio-8080-exec-3] o.s.security.web.FilterChainProxy        : Invoking ExceptionTranslationFilter (10/11)
2025-12-18T12:41:56.007+05:30 TRACE 85847 --- [bookstore] [http-nio-8080-exec-3] o.s.security.web.FilterChainProxy        : Invoking AuthorizationFilter (11/11)
2025-12-18T12:41:56.007+05:30 TRACE 85847 --- [bookstore] [http-nio-8080-exec-3] estMatcherDelegatingAuthorizationManager : Authorizing GET /swagger-ui/index.css
2025-12-18T12:41:56.007+05:30 TRACE 85847 --- [bookstore] [http-nio-8080-exec-3] estMatcherDelegatingAuthorizationManager : Checking authorization on GET /swagger-ui/index.css using org.springframework.security.authorization.SingleResultAuthorizationManager@9c996d
2025-12-18T12:41:56.007+05:30 DEBUG 85847 --- [bookstore] [http-nio-8080-exec-3] o.s.security.web.FilterChainProxy        : Secured GET /swagger-ui/index.css
2025-12-18T12:41:56.013+05:30 TRACE 85847 --- [bookstore] [http-nio-8080-exec-5] o.s.security.web.FilterChainProxy        : Trying to match request against DefaultSecurityFilterChain defined as 'defaultSecurityFilterChain' in [class path resource [com/application/bookstore/config/SecurityConfig.class]] matching [any request] and having filters [DisableEncodeUrl, WebAsyncManagerIntegration, SecurityContextHolder, HeaderWriter, Logout, BasicAuthentication, RequestCacheAware, SecurityContextHolderAwareRequest, AnonymousAuthentication, ExceptionTranslation, Authorization] (1/1)
2025-12-18T12:41:56.015+05:30 DEBUG 85847 --- [bookstore] [http-nio-8080-exec-5] o.s.security.web.FilterChainProxy        : Securing GET /swagger-ui/swagger-ui-bundle.js
2025-12-18T12:41:56.015+05:30 TRACE 85847 --- [bookstore] [http-nio-8080-exec-5] o.s.security.web.FilterChainProxy        : Invoking DisableEncodeUrlFilter (1/11)
2025-12-18T12:41:56.015+05:30 TRACE 85847 --- [bookstore] [http-nio-8080-exec-5] o.s.security.web.FilterChainProxy        : Invoking WebAsyncManagerIntegrationFilter (2/11)
2025-12-18T12:41:56.015+05:30 TRACE 85847 --- [bookstore] [http-nio-8080-exec-5] o.s.security.web.FilterChainProxy        : Invoking SecurityContextHolderFilter (3/11)
2025-12-18T12:41:56.015+05:30 TRACE 85847 --- [bookstore] [http-nio-8080-exec-5] o.s.security.web.FilterChainProxy        : Invoking HeaderWriterFilter (4/11)
2025-12-18T12:41:56.019+05:30 TRACE 85847 --- [bookstore] [http-nio-8080-exec-5] o.s.security.web.FilterChainProxy        : Invoking LogoutFilter (5/11)
2025-12-18T12:41:56.019+05:30 TRACE 85847 --- [bookstore] [http-nio-8080-exec-5] o.s.s.w.a.logout.LogoutFilter            : Did not match request to Or [Ant [pattern='/logout', GET], Ant [pattern='/logout', POST], Ant [pattern='/logout', PUT], Ant [pattern='/logout', DELETE]]
2025-12-18T12:41:56.019+05:30 TRACE 85847 --- [bookstore] [http-nio-8080-exec-5] o.s.security.web.FilterChainProxy        : Invoking BasicAuthenticationFilter (6/11)
2025-12-18T12:41:56.019+05:30 TRACE 85847 --- [bookstore] [http-nio-8080-exec-5] o.s.s.w.a.www.BasicAuthenticationFilter  : Did not process authentication request since failed to find username and password in Basic Authorization header
2025-12-18T12:41:56.019+05:30 TRACE 85847 --- [bookstore] [http-nio-8080-exec-5] o.s.security.web.FilterChainProxy        : Invoking RequestCacheAwareFilter (7/11)
2025-12-18T12:41:56.018+05:30 TRACE 85847 --- [bookstore] [http-nio-8080-exec-2] o.s.s.w.header.writers.HstsHeaderWriter  : Not injecting HSTS header since it did not match request to [Is Secure]
2025-12-18T12:41:56.019+05:30 TRACE 85847 --- [bookstore] [http-nio-8080-exec-5] o.s.s.w.s.HttpSessionRequestCache        : matchingRequestParameterName is required for getMatchingRequest to lookup a value, but not provided
2025-12-18T12:41:56.020+05:30 TRACE 85847 --- [bookstore] [http-nio-8080-exec-5] o.s.security.web.FilterChainProxy        : Invoking SecurityContextHolderAwareRequestFilter (8/11)
2025-12-18T12:41:56.020+05:30 TRACE 85847 --- [bookstore] [http-nio-8080-exec-5] o.s.security.web.FilterChainProxy        : Invoking AnonymousAuthenticationFilter (9/11)
2025-12-18T12:41:56.021+05:30 TRACE 85847 --- [bookstore] [http-nio-8080-exec-5] o.s.security.web.FilterChainProxy        : Invoking ExceptionTranslationFilter (10/11)
2025-12-18T12:41:56.021+05:30 TRACE 85847 --- [bookstore] [http-nio-8080-exec-5] o.s.security.web.FilterChainProxy        : Invoking AuthorizationFilter (11/11)
2025-12-18T12:41:56.021+05:30 TRACE 85847 --- [bookstore] [http-nio-8080-exec-5] estMatcherDelegatingAuthorizationManager : Authorizing GET /swagger-ui/swagger-ui-bundle.js
2025-12-18T12:41:56.022+05:30 TRACE 85847 --- [bookstore] [http-nio-8080-exec-5] estMatcherDelegatingAuthorizationManager : Checking authorization on GET /swagger-ui/swagger-ui-bundle.js using org.springframework.security.authorization.SingleResultAuthorizationManager@9c996d
2025-12-18T12:41:56.018+05:30 TRACE 85847 --- [bookstore] [http-nio-8080-exec-4] o.s.security.web.FilterChainProxy        : Trying to match request against DefaultSecurityFilterChain defined as 'defaultSecurityFilterChain' in [class path resource [com/application/bookstore/config/SecurityConfig.class]] matching [any request] and having filters [DisableEncodeUrl, WebAsyncManagerIntegration, SecurityContextHolder, HeaderWriter, Logout, BasicAuthentication, RequestCacheAware, SecurityContextHolderAwareRequest, AnonymousAuthentication, ExceptionTranslation, Authorization] (1/1)
2025-12-18T12:41:56.023+05:30 TRACE 85847 --- [bookstore] [http-nio-8080-exec-2] w.c.HttpSessionSecurityContextRepository : No HttpSession currently exists
2025-12-18T12:41:56.023+05:30 TRACE 85847 --- [bookstore] [http-nio-8080-exec-2] .s.s.w.c.SupplierDeferredSecurityContext : Created SecurityContextImpl [Null authentication]
2025-12-18T12:41:56.024+05:30 TRACE 85847 --- [bookstore] [http-nio-8080-exec-2] .s.s.w.c.SupplierDeferredSecurityContext : Created SecurityContextImpl [Null authentication]
2025-12-18T12:41:56.025+05:30 TRACE 85847 --- [bookstore] [http-nio-8080-exec-2] o.s.s.w.a.AnonymousAuthenticationFilter  : Set SecurityContextHolder to AnonymousAuthenticationToken [Principal=anonymousUser, Credentials=[PROTECTED], Authenticated=true, Details=WebAuthenticationDetails [RemoteIpAddress=0:0:0:0:0:0:0:1, SessionId=null], Granted Authorities=[ROLE_ANONYMOUS]]
2025-12-18T12:41:56.023+05:30 DEBUG 85847 --- [bookstore] [http-nio-8080-exec-4] o.s.security.web.FilterChainProxy        : Securing GET /swagger-ui/swagger-initializer.js
2025-12-18T12:41:56.030+05:30 TRACE 85847 --- [bookstore] [http-nio-8080-exec-4] o.s.security.web.FilterChainProxy        : Invoking DisableEncodeUrlFilter (1/11)
2025-12-18T12:41:56.030+05:30 TRACE 85847 --- [bookstore] [http-nio-8080-exec-4] o.s.security.web.FilterChainProxy        : Invoking WebAsyncManagerIntegrationFilter (2/11)
2025-12-18T12:41:56.030+05:30 TRACE 85847 --- [bookstore] [http-nio-8080-exec-4] o.s.security.web.FilterChainProxy        : Invoking SecurityContextHolderFilter (3/11)
2025-12-18T12:41:56.030+05:30 TRACE 85847 --- [bookstore] [http-nio-8080-exec-4] o.s.security.web.FilterChainProxy        : Invoking HeaderWriterFilter (4/11)
2025-12-18T12:41:56.030+05:30 TRACE 85847 --- [bookstore] [http-nio-8080-exec-4] o.s.security.web.FilterChainProxy        : Invoking LogoutFilter (5/11)
2025-12-18T12:41:56.031+05:30 TRACE 85847 --- [bookstore] [http-nio-8080-exec-4] o.s.s.w.a.logout.LogoutFilter            : Did not match request to Or [Ant [pattern='/logout', GET], Ant [pattern='/logout', POST], Ant [pattern='/logout', PUT], Ant [pattern='/logout', DELETE]]
2025-12-18T12:41:56.023+05:30 DEBUG 85847 --- [bookstore] [http-nio-8080-exec-5] o.s.security.web.FilterChainProxy        : Secured GET /swagger-ui/swagger-ui-bundle.js
2025-12-18T12:41:56.019+05:30 TRACE 85847 --- [bookstore] [http-nio-8080-exec-3] o.s.s.w.header.writers.HstsHeaderWriter  : Not injecting HSTS header since it did not match request to [Is Secure]
2025-12-18T12:41:56.031+05:30 TRACE 85847 --- [bookstore] [http-nio-8080-exec-4] o.s.security.web.FilterChainProxy        : Invoking BasicAuthenticationFilter (6/11)
2025-12-18T12:41:56.033+05:30 TRACE 85847 --- [bookstore] [http-nio-8080-exec-4] o.s.s.w.a.www.BasicAuthenticationFilter  : Did not process authentication request since failed to find username and password in Basic Authorization header
2025-12-18T12:41:56.033+05:30 TRACE 85847 --- [bookstore] [http-nio-8080-exec-4] o.s.security.web.FilterChainProxy        : Invoking RequestCacheAwareFilter (7/11)
2025-12-18T12:41:56.033+05:30 TRACE 85847 --- [bookstore] [http-nio-8080-exec-4] o.s.s.w.s.HttpSessionRequestCache        : matchingRequestParameterName is required for getMatchingRequest to lookup a value, but not provided
2025-12-18T12:41:56.033+05:30 TRACE 85847 --- [bookstore] [http-nio-8080-exec-4] o.s.security.web.FilterChainProxy        : Invoking SecurityContextHolderAwareRequestFilter (8/11)
2025-12-18T12:41:56.033+05:30 TRACE 85847 --- [bookstore] [http-nio-8080-exec-4] o.s.security.web.FilterChainProxy        : Invoking AnonymousAuthenticationFilter (9/11)
2025-12-18T12:41:56.033+05:30 TRACE 85847 --- [bookstore] [http-nio-8080-exec-4] o.s.security.web.FilterChainProxy        : Invoking ExceptionTranslationFilter (10/11)
2025-12-18T12:41:56.020+05:30 TRACE 85847 --- [bookstore] [http-nio-8080-exec-6] o.s.security.web.FilterChainProxy        : Trying to match request against DefaultSecurityFilterChain defined as 'defaultSecurityFilterChain' in [class path resource [com/application/bookstore/config/SecurityConfig.class]] matching [any request] and having filters [DisableEncodeUrl, WebAsyncManagerIntegration, SecurityContextHolder, HeaderWriter, Logout, BasicAuthentication, RequestCacheAware, SecurityContextHolderAwareRequest, AnonymousAuthentication, ExceptionTranslation, Authorization] (1/1)
2025-12-18T12:41:56.036+05:30 DEBUG 85847 --- [bookstore] [http-nio-8080-exec-6] o.s.security.web.FilterChainProxy        : Securing GET /swagger-ui/swagger-ui-standalone-preset.js
2025-12-18T12:41:56.038+05:30 TRACE 85847 --- [bookstore] [http-nio-8080-exec-6] o.s.security.web.FilterChainProxy        : Invoking DisableEncodeUrlFilter (1/11)
2025-12-18T12:41:56.038+05:30 TRACE 85847 --- [bookstore] [http-nio-8080-exec-6] o.s.security.web.FilterChainProxy        : Invoking WebAsyncManagerIntegrationFilter (2/11)
2025-12-18T12:41:56.032+05:30 TRACE 85847 --- [bookstore] [http-nio-8080-exec-3] w.c.HttpSessionSecurityContextRepository : No HttpSession currently exists
2025-12-18T12:41:56.046+05:30 TRACE 85847 --- [bookstore] [http-nio-8080-exec-3] .s.s.w.c.SupplierDeferredSecurityContext : Created SecurityContextImpl [Null authentication]
2025-12-18T12:41:56.046+05:30 TRACE 85847 --- [bookstore] [http-nio-8080-exec-3] .s.s.w.c.SupplierDeferredSecurityContext : Created SecurityContextImpl [Null authentication]
2025-12-18T12:41:56.046+05:30 TRACE 85847 --- [bookstore] [http-nio-8080-exec-3] o.s.s.w.a.AnonymousAuthenticationFilter  : Set SecurityContextHolder to AnonymousAuthenticationToken [Principal=anonymousUser, Credentials=[PROTECTED], Authenticated=true, Details=WebAuthenticationDetails [RemoteIpAddress=0:0:0:0:0:0:0:1, SessionId=null], Granted Authorities=[ROLE_ANONYMOUS]]
2025-12-18T12:41:56.047+05:30 TRACE 85847 --- [bookstore] [http-nio-8080-exec-5] o.s.s.w.header.writers.HstsHeaderWriter  : Not injecting HSTS header since it did not match request to [Is Secure]
2025-12-18T12:41:56.038+05:30 TRACE 85847 --- [bookstore] [http-nio-8080-exec-4] o.s.security.web.FilterChainProxy        : Invoking AuthorizationFilter (11/11)
2025-12-18T12:41:56.048+05:30 TRACE 85847 --- [bookstore] [http-nio-8080-exec-4] estMatcherDelegatingAuthorizationManager : Authorizing GET /swagger-ui/swagger-initializer.js
2025-12-18T12:41:56.049+05:30 TRACE 85847 --- [bookstore] [http-nio-8080-exec-4] estMatcherDelegatingAuthorizationManager : Checking authorization on GET /swagger-ui/swagger-initializer.js using org.springframework.security.authorization.SingleResultAuthorizationManager@9c996d
2025-12-18T12:41:56.049+05:30 DEBUG 85847 --- [bookstore] [http-nio-8080-exec-4] o.s.security.web.FilterChainProxy        : Secured GET /swagger-ui/swagger-initializer.js
2025-12-18T12:41:56.043+05:30 TRACE 85847 --- [bookstore] [http-nio-8080-exec-6] o.s.security.web.FilterChainProxy        : Invoking SecurityContextHolderFilter (3/11)
2025-12-18T12:41:56.050+05:30 TRACE 85847 --- [bookstore] [http-nio-8080-exec-6] o.s.security.web.FilterChainProxy        : Invoking HeaderWriterFilter (4/11)
2025-12-18T12:41:56.052+05:30 TRACE 85847 --- [bookstore] [http-nio-8080-exec-6] o.s.security.web.FilterChainProxy        : Invoking LogoutFilter (5/11)
2025-12-18T12:41:56.052+05:30 TRACE 85847 --- [bookstore] [http-nio-8080-exec-6] o.s.s.w.a.logout.LogoutFilter            : Did not match request to Or [Ant [pattern='/logout', GET], Ant [pattern='/logout', POST], Ant [pattern='/logout', PUT], Ant [pattern='/logout', DELETE]]
2025-12-18T12:41:56.052+05:30 TRACE 85847 --- [bookstore] [http-nio-8080-exec-6] o.s.security.web.FilterChainProxy        : Invoking BasicAuthenticationFilter (6/11)
2025-12-18T12:41:56.059+05:30 TRACE 85847 --- [bookstore] [http-nio-8080-exec-6] o.s.s.w.a.www.BasicAuthenticationFilter  : Did not process authentication request since failed to find username and password in Basic Authorization header
2025-12-18T12:41:56.060+05:30 TRACE 85847 --- [bookstore] [http-nio-8080-exec-6] o.s.security.web.FilterChainProxy        : Invoking RequestCacheAwareFilter (7/11)
2025-12-18T12:41:56.061+05:30 TRACE 85847 --- [bookstore] [http-nio-8080-exec-6] o.s.s.w.s.HttpSessionRequestCache        : matchingRequestParameterName is required for getMatchingRequest to lookup a value, but not provided
2025-12-18T12:41:56.061+05:30 TRACE 85847 --- [bookstore] [http-nio-8080-exec-6] o.s.security.web.FilterChainProxy        : Invoking SecurityContextHolderAwareRequestFilter (8/11)
2025-12-18T12:41:56.061+05:30 TRACE 85847 --- [bookstore] [http-nio-8080-exec-6] o.s.security.web.FilterChainProxy        : Invoking AnonymousAuthenticationFilter (9/11)
2025-12-18T12:41:56.062+05:30 TRACE 85847 --- [bookstore] [http-nio-8080-exec-6] o.s.security.web.FilterChainProxy        : Invoking ExceptionTranslationFilter (10/11)
2025-12-18T12:41:56.062+05:30 TRACE 85847 --- [bookstore] [http-nio-8080-exec-6] o.s.security.web.FilterChainProxy        : Invoking AuthorizationFilter (11/11)
2025-12-18T12:41:56.064+05:30 TRACE 85847 --- [bookstore] [http-nio-8080-exec-6] estMatcherDelegatingAuthorizationManager : Authorizing GET /swagger-ui/swagger-ui-standalone-preset.js
2025-12-18T12:41:56.065+05:30 TRACE 85847 --- [bookstore] [http-nio-8080-exec-6] estMatcherDelegatingAuthorizationManager : Checking authorization on GET /swagger-ui/swagger-ui-standalone-preset.js using org.springframework.security.authorization.SingleResultAuthorizationManager@9c996d
2025-12-18T12:41:56.065+05:30 DEBUG 85847 --- [bookstore] [http-nio-8080-exec-6] o.s.security.web.FilterChainProxy        : Secured GET /swagger-ui/swagger-ui-standalone-preset.js
2025-12-18T12:41:56.074+05:30 TRACE 85847 --- [bookstore] [http-nio-8080-exec-6] o.s.s.w.header.writers.HstsHeaderWriter  : Not injecting HSTS header since it did not match request to [Is Secure]
2025-12-18T12:41:56.086+05:30 TRACE 85847 --- [bookstore] [http-nio-8080-exec-6] w.c.HttpSessionSecurityContextRepository : No HttpSession currently exists
2025-12-18T12:41:56.086+05:30 TRACE 85847 --- [bookstore] [http-nio-8080-exec-6] .s.s.w.c.SupplierDeferredSecurityContext : Created SecurityContextImpl [Null authentication]
2025-12-18T12:41:56.087+05:30 TRACE 85847 --- [bookstore] [http-nio-8080-exec-6] .s.s.w.c.SupplierDeferredSecurityContext : Created SecurityContextImpl [Null authentication]
2025-12-18T12:41:56.087+05:30 TRACE 85847 --- [bookstore] [http-nio-8080-exec-5] w.c.HttpSessionSecurityContextRepository : No HttpSession currently exists
2025-12-18T12:41:56.087+05:30 TRACE 85847 --- [bookstore] [http-nio-8080-exec-5] .s.s.w.c.SupplierDeferredSecurityContext : Created SecurityContextImpl [Null authentication]
2025-12-18T12:41:56.087+05:30 TRACE 85847 --- [bookstore] [http-nio-8080-exec-5] .s.s.w.c.SupplierDeferredSecurityContext : Created SecurityContextImpl [Null authentication]
2025-12-18T12:41:56.087+05:30 TRACE 85847 --- [bookstore] [http-nio-8080-exec-5] o.s.s.w.a.AnonymousAuthenticationFilter  : Set SecurityContextHolder to AnonymousAuthenticationToken [Principal=anonymousUser, Credentials=[PROTECTED], Authenticated=true, Details=WebAuthenticationDetails [RemoteIpAddress=0:0:0:0:0:0:0:1, SessionId=null], Granted Authorities=[ROLE_ANONYMOUS]]
2025-12-18T12:41:56.087+05:30 TRACE 85847 --- [bookstore] [http-nio-8080-exec-6] o.s.s.w.a.AnonymousAuthenticationFilter  : Set SecurityContextHolder to AnonymousAuthenticationToken [Principal=anonymousUser, Credentials=[PROTECTED], Authenticated=true, Details=WebAuthenticationDetails [RemoteIpAddress=0:0:0:0:0:0:0:1, SessionId=null], Granted Authorities=[ROLE_ANONYMOUS]]
2025-12-18T12:41:56.134+05:30 TRACE 85847 --- [bookstore] [http-nio-8080-exec-4] o.s.s.w.header.writers.HstsHeaderWriter  : Not injecting HSTS header since it did not match request to [Is Secure]
2025-12-18T12:41:56.136+05:30 TRACE 85847 --- [bookstore] [http-nio-8080-exec-4] w.c.HttpSessionSecurityContextRepository : No HttpSession currently exists
2025-12-18T12:41:56.136+05:30 TRACE 85847 --- [bookstore] [http-nio-8080-exec-4] .s.s.w.c.SupplierDeferredSecurityContext : Created SecurityContextImpl [Null authentication]
2025-12-18T12:41:56.136+05:30 TRACE 85847 --- [bookstore] [http-nio-8080-exec-4] .s.s.w.c.SupplierDeferredSecurityContext : Created SecurityContextImpl [Null authentication]
2025-12-18T12:41:56.136+05:30 TRACE 85847 --- [bookstore] [http-nio-8080-exec-4] o.s.s.w.a.AnonymousAuthenticationFilter  : Set SecurityContextHolder to AnonymousAuthenticationToken [Principal=anonymousUser, Credentials=[PROTECTED], Authenticated=true, Details=WebAuthenticationDetails [RemoteIpAddress=0:0:0:0:0:0:0:1, SessionId=null], Granted Authorities=[ROLE_ANONYMOUS]]
2025-12-18T12:41:56.789+05:30 TRACE 85847 --- [bookstore] [http-nio-8080-exec-8] o.s.security.web.FilterChainProxy        : Trying to match request against DefaultSecurityFilterChain defined as 'defaultSecurityFilterChain' in [class path resource [com/application/bookstore/config/SecurityConfig.class]] matching [any request] and having filters [DisableEncodeUrl, WebAsyncManagerIntegration, SecurityContextHolder, HeaderWriter, Logout, BasicAuthentication, RequestCacheAware, SecurityContextHolderAwareRequest, AnonymousAuthentication, ExceptionTranslation, Authorization] (1/1)
2025-12-18T12:41:56.789+05:30 TRACE 85847 --- [bookstore] [http-nio-8080-exec-7] o.s.security.web.FilterChainProxy        : Trying to match request against DefaultSecurityFilterChain defined as 'defaultSecurityFilterChain' in [class path resource [com/application/bookstore/config/SecurityConfig.class]] matching [any request] and having filters [DisableEncodeUrl, WebAsyncManagerIntegration, SecurityContextHolder, HeaderWriter, Logout, BasicAuthentication, RequestCacheAware, SecurityContextHolderAwareRequest, AnonymousAuthentication, ExceptionTranslation, Authorization] (1/1)
2025-12-18T12:41:56.789+05:30 DEBUG 85847 --- [bookstore] [http-nio-8080-exec-8] o.s.security.web.FilterChainProxy        : Securing GET /swagger-ui/favicon-32x32.png
2025-12-18T12:41:56.790+05:30 TRACE 85847 --- [bookstore] [http-nio-8080-exec-8] o.s.security.web.FilterChainProxy        : Invoking DisableEncodeUrlFilter (1/11)
2025-12-18T12:41:56.790+05:30 TRACE 85847 --- [bookstore] [http-nio-8080-exec-8] o.s.security.web.FilterChainProxy        : Invoking WebAsyncManagerIntegrationFilter (2/11)
2025-12-18T12:41:56.790+05:30 TRACE 85847 --- [bookstore] [http-nio-8080-exec-8] o.s.security.web.FilterChainProxy        : Invoking SecurityContextHolderFilter (3/11)
2025-12-18T12:41:56.790+05:30 DEBUG 85847 --- [bookstore] [http-nio-8080-exec-7] o.s.security.web.FilterChainProxy        : Securing GET /v3/api-docs/swagger-config
2025-12-18T12:41:56.790+05:30 TRACE 85847 --- [bookstore] [http-nio-8080-exec-7] o.s.security.web.FilterChainProxy        : Invoking DisableEncodeUrlFilter (1/11)
2025-12-18T12:41:56.790+05:30 TRACE 85847 --- [bookstore] [http-nio-8080-exec-7] o.s.security.web.FilterChainProxy        : Invoking WebAsyncManagerIntegrationFilter (2/11)
2025-12-18T12:41:56.790+05:30 TRACE 85847 --- [bookstore] [http-nio-8080-exec-7] o.s.security.web.FilterChainProxy        : Invoking SecurityContextHolderFilter (3/11)
2025-12-18T12:41:56.790+05:30 TRACE 85847 --- [bookstore] [http-nio-8080-exec-7] o.s.security.web.FilterChainProxy        : Invoking HeaderWriterFilter (4/11)
2025-12-18T12:41:56.790+05:30 TRACE 85847 --- [bookstore] [http-nio-8080-exec-7] o.s.security.web.FilterChainProxy        : Invoking LogoutFilter (5/11)
2025-12-18T12:41:56.790+05:30 TRACE 85847 --- [bookstore] [http-nio-8080-exec-8] o.s.security.web.FilterChainProxy        : Invoking HeaderWriterFilter (4/11)
2025-12-18T12:41:56.790+05:30 TRACE 85847 --- [bookstore] [http-nio-8080-exec-7] o.s.s.w.a.logout.LogoutFilter            : Did not match request to Or [Ant [pattern='/logout', GET], Ant [pattern='/logout', POST], Ant [pattern='/logout', PUT], Ant [pattern='/logout', DELETE]]
2025-12-18T12:41:56.791+05:30 TRACE 85847 --- [bookstore] [http-nio-8080-exec-7] o.s.security.web.FilterChainProxy        : Invoking BasicAuthenticationFilter (6/11)
2025-12-18T12:41:56.791+05:30 TRACE 85847 --- [bookstore] [http-nio-8080-exec-7] o.s.s.w.a.www.BasicAuthenticationFilter  : Did not process authentication request since failed to find username and password in Basic Authorization header
2025-12-18T12:41:56.791+05:30 TRACE 85847 --- [bookstore] [http-nio-8080-exec-8] o.s.security.web.FilterChainProxy        : Invoking LogoutFilter (5/11)
2025-12-18T12:41:56.791+05:30 TRACE 85847 --- [bookstore] [http-nio-8080-exec-8] o.s.s.w.a.logout.LogoutFilter            : Did not match request to Or [Ant [pattern='/logout', GET], Ant [pattern='/logout', POST], Ant [pattern='/logout', PUT], Ant [pattern='/logout', DELETE]]
2025-12-18T12:41:56.791+05:30 TRACE 85847 --- [bookstore] [http-nio-8080-exec-7] o.s.security.web.FilterChainProxy        : Invoking RequestCacheAwareFilter (7/11)
2025-12-18T12:41:56.791+05:30 TRACE 85847 --- [bookstore] [http-nio-8080-exec-7] o.s.s.w.s.HttpSessionRequestCache        : matchingRequestParameterName is required for getMatchingRequest to lookup a value, but not provided
2025-12-18T12:41:56.791+05:30 TRACE 85847 --- [bookstore] [http-nio-8080-exec-8] o.s.security.web.FilterChainProxy        : Invoking BasicAuthenticationFilter (6/11)
2025-12-18T12:41:56.792+05:30 TRACE 85847 --- [bookstore] [http-nio-8080-exec-7] o.s.security.web.FilterChainProxy        : Invoking SecurityContextHolderAwareRequestFilter (8/11)
2025-12-18T12:41:56.792+05:30 TRACE 85847 --- [bookstore] [http-nio-8080-exec-7] o.s.security.web.FilterChainProxy        : Invoking AnonymousAuthenticationFilter (9/11)
2025-12-18T12:41:56.792+05:30 TRACE 85847 --- [bookstore] [http-nio-8080-exec-8] o.s.s.w.a.www.BasicAuthenticationFilter  : Did not process authentication request since failed to find username and password in Basic Authorization header
2025-12-18T12:41:56.792+05:30 TRACE 85847 --- [bookstore] [http-nio-8080-exec-7] o.s.security.web.FilterChainProxy        : Invoking ExceptionTranslationFilter (10/11)
2025-12-18T12:41:56.792+05:30 TRACE 85847 --- [bookstore] [http-nio-8080-exec-7] o.s.security.web.FilterChainProxy        : Invoking AuthorizationFilter (11/11)
2025-12-18T12:41:56.792+05:30 TRACE 85847 --- [bookstore] [http-nio-8080-exec-7] estMatcherDelegatingAuthorizationManager : Authorizing GET /v3/api-docs/swagger-config
2025-12-18T12:41:56.792+05:30 TRACE 85847 --- [bookstore] [http-nio-8080-exec-8] o.s.security.web.FilterChainProxy        : Invoking RequestCacheAwareFilter (7/11)
2025-12-18T12:41:56.792+05:30 TRACE 85847 --- [bookstore] [http-nio-8080-exec-8] o.s.s.w.s.HttpSessionRequestCache        : matchingRequestParameterName is required for getMatchingRequest to lookup a value, but not provided
2025-12-18T12:41:56.792+05:30 TRACE 85847 --- [bookstore] [http-nio-8080-exec-8] o.s.security.web.FilterChainProxy        : Invoking SecurityContextHolderAwareRequestFilter (8/11)
2025-12-18T12:41:56.792+05:30 TRACE 85847 --- [bookstore] [http-nio-8080-exec-8] o.s.security.web.FilterChainProxy        : Invoking AnonymousAuthenticationFilter (9/11)
2025-12-18T12:41:56.792+05:30 TRACE 85847 --- [bookstore] [http-nio-8080-exec-8] o.s.security.web.FilterChainProxy        : Invoking ExceptionTranslationFilter (10/11)
2025-12-18T12:41:56.793+05:30 TRACE 85847 --- [bookstore] [http-nio-8080-exec-8] o.s.security.web.FilterChainProxy        : Invoking AuthorizationFilter (11/11)
2025-12-18T12:41:56.793+05:30 TRACE 85847 --- [bookstore] [http-nio-8080-exec-8] estMatcherDelegatingAuthorizationManager : Authorizing GET /swagger-ui/favicon-32x32.png
2025-12-18T12:41:56.793+05:30 TRACE 85847 --- [bookstore] [http-nio-8080-exec-8] estMatcherDelegatingAuthorizationManager : Checking authorization on GET /swagger-ui/favicon-32x32.png using org.springframework.security.authorization.SingleResultAuthorizationManager@9c996d
2025-12-18T12:41:56.793+05:30 DEBUG 85847 --- [bookstore] [http-nio-8080-exec-8] o.s.security.web.FilterChainProxy        : Secured GET /swagger-ui/favicon-32x32.png
2025-12-18T12:41:56.793+05:30 TRACE 85847 --- [bookstore] [http-nio-8080-exec-7] estMatcherDelegatingAuthorizationManager : Checking authorization on GET /v3/api-docs/swagger-config using org.springframework.security.authorization.SingleResultAuthorizationManager@9c996d
2025-12-18T12:41:56.794+05:30 DEBUG 85847 --- [bookstore] [http-nio-8080-exec-7] o.s.security.web.FilterChainProxy        : Secured GET /v3/api-docs/swagger-config
2025-12-18T12:41:56.797+05:30 TRACE 85847 --- [bookstore] [http-nio-8080-exec-8] o.s.s.w.header.writers.HstsHeaderWriter  : Not injecting HSTS header since it did not match request to [Is Secure]
2025-12-18T12:41:56.798+05:30 TRACE 85847 --- [bookstore] [http-nio-8080-exec-8] w.c.HttpSessionSecurityContextRepository : No HttpSession currently exists
2025-12-18T12:41:56.798+05:30 TRACE 85847 --- [bookstore] [http-nio-8080-exec-8] .s.s.w.c.SupplierDeferredSecurityContext : Created SecurityContextImpl [Null authentication]
2025-12-18T12:41:56.798+05:30 TRACE 85847 --- [bookstore] [http-nio-8080-exec-8] .s.s.w.c.SupplierDeferredSecurityContext : Created SecurityContextImpl [Null authentication]
2025-12-18T12:41:56.798+05:30 TRACE 85847 --- [bookstore] [http-nio-8080-exec-8] o.s.s.w.a.AnonymousAuthenticationFilter  : Set SecurityContextHolder to AnonymousAuthenticationToken [Principal=anonymousUser, Credentials=[PROTECTED], Authenticated=true, Details=WebAuthenticationDetails [RemoteIpAddress=0:0:0:0:0:0:0:1, SessionId=null], Granted Authorities=[ROLE_ANONYMOUS]]
2025-12-18T12:41:56.828+05:30 TRACE 85847 --- [bookstore] [http-nio-8080-exec-7] o.s.s.w.header.writers.HstsHeaderWriter  : Not injecting HSTS header since it did not match request to [Is Secure]
2025-12-18T12:41:56.829+05:30 TRACE 85847 --- [bookstore] [http-nio-8080-exec-7] w.c.HttpSessionSecurityContextRepository : No HttpSession currently exists
2025-12-18T12:41:56.829+05:30 TRACE 85847 --- [bookstore] [http-nio-8080-exec-7] .s.s.w.c.SupplierDeferredSecurityContext : Created SecurityContextImpl [Null authentication]
2025-12-18T12:41:56.829+05:30 TRACE 85847 --- [bookstore] [http-nio-8080-exec-7] .s.s.w.c.SupplierDeferredSecurityContext : Created SecurityContextImpl [Null authentication]
2025-12-18T12:41:56.829+05:30 TRACE 85847 --- [bookstore] [http-nio-8080-exec-7] o.s.s.w.a.AnonymousAuthenticationFilter  : Set SecurityContextHolder to AnonymousAuthenticationToken [Principal=anonymousUser, Credentials=[PROTECTED], Authenticated=true, Details=WebAuthenticationDetails [RemoteIpAddress=0:0:0:0:0:0:0:1, SessionId=null], Granted Authorities=[ROLE_ANONYMOUS]]
2025-12-18T12:41:56.835+05:30 TRACE 85847 --- [bookstore] [http-nio-8080-exec-9] o.s.security.web.FilterChainProxy        : Trying to match request against DefaultSecurityFilterChain defined as 'defaultSecurityFilterChain' in [class path resource [com/application/bookstore/config/SecurityConfig.class]] matching [any request] and having filters [DisableEncodeUrl, WebAsyncManagerIntegration, SecurityContextHolder, HeaderWriter, Logout, BasicAuthentication, RequestCacheAware, SecurityContextHolderAwareRequest, AnonymousAuthentication, ExceptionTranslation, Authorization] (1/1)
2025-12-18T12:41:56.835+05:30 DEBUG 85847 --- [bookstore] [http-nio-8080-exec-9] o.s.security.web.FilterChainProxy        : Securing GET /v3/api-docs
2025-12-18T12:41:56.835+05:30 TRACE 85847 --- [bookstore] [http-nio-8080-exec-9] o.s.security.web.FilterChainProxy        : Invoking DisableEncodeUrlFilter (1/11)
2025-12-18T12:41:56.835+05:30 TRACE 85847 --- [bookstore] [http-nio-8080-exec-9] o.s.security.web.FilterChainProxy        : Invoking WebAsyncManagerIntegrationFilter (2/11)
2025-12-18T12:41:56.835+05:30 TRACE 85847 --- [bookstore] [http-nio-8080-exec-9] o.s.security.web.FilterChainProxy        : Invoking SecurityContextHolderFilter (3/11)
2025-12-18T12:41:56.835+05:30 TRACE 85847 --- [bookstore] [http-nio-8080-exec-9] o.s.security.web.FilterChainProxy        : Invoking HeaderWriterFilter (4/11)
2025-12-18T12:41:56.835+05:30 TRACE 85847 --- [bookstore] [http-nio-8080-exec-9] o.s.security.web.FilterChainProxy        : Invoking LogoutFilter (5/11)
2025-12-18T12:41:56.835+05:30 TRACE 85847 --- [bookstore] [http-nio-8080-exec-9] o.s.s.w.a.logout.LogoutFilter            : Did not match request to Or [Ant [pattern='/logout', GET], Ant [pattern='/logout', POST], Ant [pattern='/logout', PUT], Ant [pattern='/logout', DELETE]]
2025-12-18T12:41:56.835+05:30 TRACE 85847 --- [bookstore] [http-nio-8080-exec-9] o.s.security.web.FilterChainProxy        : Invoking BasicAuthenticationFilter (6/11)
2025-12-18T12:41:56.835+05:30 TRACE 85847 --- [bookstore] [http-nio-8080-exec-9] o.s.s.w.a.www.BasicAuthenticationFilter  : Did not process authentication request since failed to find username and password in Basic Authorization header
2025-12-18T12:41:56.835+05:30 TRACE 85847 --- [bookstore] [http-nio-8080-exec-9] o.s.security.web.FilterChainProxy        : Invoking RequestCacheAwareFilter (7/11)
2025-12-18T12:41:56.835+05:30 TRACE 85847 --- [bookstore] [http-nio-8080-exec-9] o.s.s.w.s.HttpSessionRequestCache        : matchingRequestParameterName is required for getMatchingRequest to lookup a value, but not provided
2025-12-18T12:41:56.835+05:30 TRACE 85847 --- [bookstore] [http-nio-8080-exec-9] o.s.security.web.FilterChainProxy        : Invoking SecurityContextHolderAwareRequestFilter (8/11)
2025-12-18T12:41:56.835+05:30 TRACE 85847 --- [bookstore] [http-nio-8080-exec-9] o.s.security.web.FilterChainProxy        : Invoking AnonymousAuthenticationFilter (9/11)
2025-12-18T12:41:56.835+05:30 TRACE 85847 --- [bookstore] [http-nio-8080-exec-9] o.s.security.web.FilterChainProxy        : Invoking ExceptionTranslationFilter (10/11)
2025-12-18T12:41:56.835+05:30 TRACE 85847 --- [bookstore] [http-nio-8080-exec-9] o.s.security.web.FilterChainProxy        : Invoking AuthorizationFilter (11/11)
2025-12-18T12:41:56.835+05:30 TRACE 85847 --- [bookstore] [http-nio-8080-exec-9] estMatcherDelegatingAuthorizationManager : Authorizing GET /v3/api-docs
2025-12-18T12:41:56.836+05:30 TRACE 85847 --- [bookstore] [http-nio-8080-exec-9] estMatcherDelegatingAuthorizationManager : Checking authorization on GET /v3/api-docs using org.springframework.security.authorization.SingleResultAuthorizationManager@9c996d
2025-12-18T12:41:56.836+05:30 DEBUG 85847 --- [bookstore] [http-nio-8080-exec-9] o.s.security.web.FilterChainProxy        : Secured GET /v3/api-docs
2025-12-18T12:41:57.099+05:30 TRACE 85847 --- [bookstore] [http-nio-8080-exec-9] o.s.s.w.header.writers.HstsHeaderWriter  : Not injecting HSTS header since it did not match request to [Is Secure]
2025-12-18T12:41:57.099+05:30 TRACE 85847 --- [bookstore] [http-nio-8080-exec-9] w.c.HttpSessionSecurityContextRepository : No HttpSession currently exists
2025-12-18T12:41:57.099+05:30 TRACE 85847 --- [bookstore] [http-nio-8080-exec-9] .s.s.w.c.SupplierDeferredSecurityContext : Created SecurityContextImpl [Null authentication]
2025-12-18T12:41:57.099+05:30 TRACE 85847 --- [bookstore] [http-nio-8080-exec-9] .s.s.w.c.SupplierDeferredSecurityContext : Created SecurityContextImpl [Null authentication]
2025-12-18T12:41:57.099+05:30 TRACE 85847 --- [bookstore] [http-nio-8080-exec-9] o.s.s.w.a.AnonymousAuthenticationFilter  : Set SecurityContextHolder to AnonymousAuthenticationToken [Principal=anonymousUser, Credentials=[PROTECTED], Authenticated=true, Details=WebAuthenticationDetails [RemoteIpAddress=0:0:0:0:0:0:0:1, SessionId=null], Granted Authorities=[ROLE_ANONYMOUS]]
2025-12-18T12:42:05.947+05:30 TRACE 85847 --- [bookstore] [http-nio-8080-exec-6] o.s.security.web.FilterChainProxy        : Trying to match request against DefaultSecurityFilterChain defined as 'defaultSecurityFilterChain' in [class path resource [com/application/bookstore/config/SecurityConfig.class]] matching [any request] and having filters [DisableEncodeUrl, WebAsyncManagerIntegration, SecurityContextHolder, HeaderWriter, Logout, BasicAuthentication, RequestCacheAware, SecurityContextHolderAwareRequest, AnonymousAuthentication, ExceptionTranslation, Authorization] (1/1)
2025-12-18T12:42:05.948+05:30 DEBUG 85847 --- [bookstore] [http-nio-8080-exec-6] o.s.security.web.FilterChainProxy        : Securing GET /swagger-ui/favicon-32x32.png
2025-12-18T12:42:05.948+05:30 TRACE 85847 --- [bookstore] [http-nio-8080-exec-6] o.s.security.web.FilterChainProxy        : Invoking DisableEncodeUrlFilter (1/11)
2025-12-18T12:42:05.948+05:30 TRACE 85847 --- [bookstore] [http-nio-8080-exec-6] o.s.security.web.FilterChainProxy        : Invoking WebAsyncManagerIntegrationFilter (2/11)
2025-12-18T12:42:05.948+05:30 TRACE 85847 --- [bookstore] [http-nio-8080-exec-6] o.s.security.web.FilterChainProxy        : Invoking SecurityContextHolderFilter (3/11)
2025-12-18T12:42:05.948+05:30 TRACE 85847 --- [bookstore] [http-nio-8080-exec-6] o.s.security.web.FilterChainProxy        : Invoking HeaderWriterFilter (4/11)
2025-12-18T12:42:05.948+05:30 TRACE 85847 --- [bookstore] [http-nio-8080-exec-6] o.s.security.web.FilterChainProxy        : Invoking LogoutFilter (5/11)
2025-12-18T12:42:05.948+05:30 TRACE 85847 --- [bookstore] [http-nio-8080-exec-6] o.s.s.w.a.logout.LogoutFilter            : Did not match request to Or [Ant [pattern='/logout', GET], Ant [pattern='/logout', POST], Ant [pattern='/logout', PUT], Ant [pattern='/logout', DELETE]]
2025-12-18T12:42:05.948+05:30 TRACE 85847 --- [bookstore] [http-nio-8080-exec-6] o.s.security.web.FilterChainProxy        : Invoking BasicAuthenticationFilter (6/11)
2025-12-18T12:42:05.948+05:30 TRACE 85847 --- [bookstore] [http-nio-8080-exec-6] o.s.s.w.a.www.BasicAuthenticationFilter  : Did not process authentication request since failed to find username and password in Basic Authorization header
2025-12-18T12:42:05.949+05:30 TRACE 85847 --- [bookstore] [http-nio-8080-exec-6] o.s.security.web.FilterChainProxy        : Invoking RequestCacheAwareFilter (7/11)
2025-12-18T12:42:05.949+05:30 TRACE 85847 --- [bookstore] [http-nio-8080-exec-6] o.s.s.w.s.HttpSessionRequestCache        : matchingRequestParameterName is required for getMatchingRequest to lookup a value, but not provided
2025-12-18T12:42:05.949+05:30 TRACE 85847 --- [bookstore] [http-nio-8080-exec-6] o.s.security.web.FilterChainProxy        : Invoking SecurityContextHolderAwareRequestFilter (8/11)
2025-12-18T12:42:05.949+05:30 TRACE 85847 --- [bookstore] [http-nio-8080-exec-6] o.s.security.web.FilterChainProxy        : Invoking AnonymousAuthenticationFilter (9/11)
2025-12-18T12:42:05.949+05:30 TRACE 85847 --- [bookstore] [http-nio-8080-exec-6] o.s.security.web.FilterChainProxy        : Invoking ExceptionTranslationFilter (10/11)
2025-12-18T12:42:05.949+05:30 TRACE 85847 --- [bookstore] [http-nio-8080-exec-6] o.s.security.web.FilterChainProxy        : Invoking AuthorizationFilter (11/11)
2025-12-18T12:42:05.949+05:30 TRACE 85847 --- [bookstore] [http-nio-8080-exec-6] estMatcherDelegatingAuthorizationManager : Authorizing GET /swagger-ui/favicon-32x32.png
2025-12-18T12:42:05.949+05:30 TRACE 85847 --- [bookstore] [http-nio-8080-exec-6] estMatcherDelegatingAuthorizationManager : Checking authorization on GET /swagger-ui/favicon-32x32.png using org.springframework.security.authorization.SingleResultAuthorizationManager@9c996d
2025-12-18T12:42:05.949+05:30 DEBUG 85847 --- [bookstore] [http-nio-8080-exec-6] o.s.security.web.FilterChainProxy        : Secured GET /swagger-ui/favicon-32x32.png
2025-12-18T12:42:05.962+05:30 TRACE 85847 --- [bookstore] [http-nio-8080-exec-6] o.s.s.w.header.writers.HstsHeaderWriter  : Not injecting HSTS header since it did not match request to [Is Secure]
2025-12-18T12:42:05.966+05:30 TRACE 85847 --- [bookstore] [http-nio-8080-exec-6] w.c.HttpSessionSecurityContextRepository : No HttpSession currently exists
2025-12-18T12:42:05.966+05:30 TRACE 85847 --- [bookstore] [http-nio-8080-exec-6] .s.s.w.c.SupplierDeferredSecurityContext : Created SecurityContextImpl [Null authentication]
2025-12-18T12:42:05.967+05:30 TRACE 85847 --- [bookstore] [http-nio-8080-exec-6] .s.s.w.c.SupplierDeferredSecurityContext : Created SecurityContextImpl [Null authentication]
2025-12-18T12:42:05.967+05:30 TRACE 85847 --- [bookstore] [http-nio-8080-exec-6] o.s.s.w.a.AnonymousAuthenticationFilter  : Set SecurityContextHolder to AnonymousAuthenticationToken [Principal=anonymousUser, Credentials=[PROTECTED], Authenticated=true, Details=WebAuthenticationDetails [RemoteIpAddress=0:0:0:0:0:0:0:1, SessionId=null], Granted Authorities=[ROLE_ANONYMOUS]]
2025-12-18T12:42:18.082+05:30 TRACE 85847 --- [bookstore] [http-nio-8080-exec-8] o.s.security.web.FilterChainProxy        : Trying to match request against DefaultSecurityFilterChain defined as 'defaultSecurityFilterChain' in [class path resource [com/application/bookstore/config/SecurityConfig.class]] matching [any request] and having filters [DisableEncodeUrl, WebAsyncManagerIntegration, SecurityContextHolder, HeaderWriter, Logout, BasicAuthentication, RequestCacheAware, SecurityContextHolderAwareRequest, AnonymousAuthentication, ExceptionTranslation, Authorization] (1/1)
2025-12-18T12:42:18.084+05:30 DEBUG 85847 --- [bookstore] [http-nio-8080-exec-8] o.s.security.web.FilterChainProxy        : Securing GET /api/book-store-service/v1/authors
2025-12-18T12:42:18.086+05:30 TRACE 85847 --- [bookstore] [http-nio-8080-exec-8] o.s.security.web.FilterChainProxy        : Invoking DisableEncodeUrlFilter (1/11)
2025-12-18T12:42:18.087+05:30 TRACE 85847 --- [bookstore] [http-nio-8080-exec-8] o.s.security.web.FilterChainProxy        : Invoking WebAsyncManagerIntegrationFilter (2/11)
2025-12-18T12:42:18.087+05:30 TRACE 85847 --- [bookstore] [http-nio-8080-exec-8] o.s.security.web.FilterChainProxy        : Invoking SecurityContextHolderFilter (3/11)
2025-12-18T12:42:18.087+05:30 TRACE 85847 --- [bookstore] [http-nio-8080-exec-8] o.s.security.web.FilterChainProxy        : Invoking HeaderWriterFilter (4/11)
2025-12-18T12:42:18.087+05:30 TRACE 85847 --- [bookstore] [http-nio-8080-exec-8] o.s.security.web.FilterChainProxy        : Invoking LogoutFilter (5/11)
2025-12-18T12:42:18.087+05:30 TRACE 85847 --- [bookstore] [http-nio-8080-exec-8] o.s.s.w.a.logout.LogoutFilter            : Did not match request to Or [Ant [pattern='/logout', GET], Ant [pattern='/logout', POST], Ant [pattern='/logout', PUT], Ant [pattern='/logout', DELETE]]
2025-12-18T12:42:18.088+05:30 TRACE 85847 --- [bookstore] [http-nio-8080-exec-8] o.s.security.web.FilterChainProxy        : Invoking BasicAuthenticationFilter (6/11)
2025-12-18T12:42:18.096+05:30 TRACE 85847 --- [bookstore] [http-nio-8080-exec-8] o.s.s.w.a.www.BasicAuthenticationFilter  : Found username 'admin' in Basic Authorization header
2025-12-18T12:42:18.097+05:30 TRACE 85847 --- [bookstore] [http-nio-8080-exec-8] w.c.HttpSessionSecurityContextRepository : No HttpSession currently exists
2025-12-18T12:42:18.097+05:30 TRACE 85847 --- [bookstore] [http-nio-8080-exec-8] .s.s.w.c.SupplierDeferredSecurityContext : Created SecurityContextImpl [Null authentication]
2025-12-18T12:42:18.097+05:30 TRACE 85847 --- [bookstore] [http-nio-8080-exec-8] .s.s.w.c.SupplierDeferredSecurityContext : Created SecurityContextImpl [Null authentication]
2025-12-18T12:42:18.097+05:30 TRACE 85847 --- [bookstore] [http-nio-8080-exec-8] o.s.s.authentication.ProviderManager     : Authenticating request with DaoAuthenticationProvider (1/1)
2025-12-18T12:42:18.558+05:30 DEBUG 85847 --- [bookstore] [http-nio-8080-exec-8] o.s.s.a.dao.DaoAuthenticationProvider    : Authenticated user
2025-12-18T12:42:18.561+05:30 DEBUG 85847 --- [bookstore] [http-nio-8080-exec-8] o.s.s.w.a.www.BasicAuthenticationFilter  : Set SecurityContextHolder to UsernamePasswordAuthenticationToken [Principal=org.springframework.security.core.userdetails.User [Username=admin, Password=[PROTECTED], Enabled=true, AccountNonExpired=true, CredentialsNonExpired=true, AccountNonLocked=true, Granted Authorities=[ROLE_ADMIN, ROLE_MANAGER, ROLE_USER]], Credentials=[PROTECTED], Authenticated=true, Details=WebAuthenticationDetails [RemoteIpAddress=0:0:0:0:0:0:0:1, SessionId=null], Granted Authorities=[ROLE_ADMIN, ROLE_MANAGER, ROLE_USER]]
2025-12-18T12:42:18.561+05:30 TRACE 85847 --- [bookstore] [http-nio-8080-exec-8] o.s.security.web.FilterChainProxy        : Invoking RequestCacheAwareFilter (7/11)
2025-12-18T12:42:18.561+05:30 TRACE 85847 --- [bookstore] [http-nio-8080-exec-8] o.s.s.w.s.HttpSessionRequestCache        : matchingRequestParameterName is required for getMatchingRequest to lookup a value, but not provided
2025-12-18T12:42:18.561+05:30 TRACE 85847 --- [bookstore] [http-nio-8080-exec-8] o.s.security.web.FilterChainProxy        : Invoking SecurityContextHolderAwareRequestFilter (8/11)
2025-12-18T12:42:18.561+05:30 TRACE 85847 --- [bookstore] [http-nio-8080-exec-8] o.s.security.web.FilterChainProxy        : Invoking AnonymousAuthenticationFilter (9/11)
2025-12-18T12:42:18.561+05:30 TRACE 85847 --- [bookstore] [http-nio-8080-exec-8] o.s.security.web.FilterChainProxy        : Invoking ExceptionTranslationFilter (10/11)
2025-12-18T12:42:18.561+05:30 TRACE 85847 --- [bookstore] [http-nio-8080-exec-8] o.s.security.web.FilterChainProxy        : Invoking AuthorizationFilter (11/11)
2025-12-18T12:42:18.561+05:30 TRACE 85847 --- [bookstore] [http-nio-8080-exec-8] estMatcherDelegatingAuthorizationManager : Authorizing GET /api/book-store-service/v1/authors
2025-12-18T12:42:18.562+05:30 TRACE 85847 --- [bookstore] [http-nio-8080-exec-8] estMatcherDelegatingAuthorizationManager : Checking authorization on GET /api/book-store-service/v1/authors using org.springframework.security.authorization.AuthenticatedAuthorizationManager@1d7b29a3
2025-12-18T12:42:18.562+05:30 TRACE 85847 --- [bookstore] [http-nio-8080-exec-8] o.s.s.w.a.AnonymousAuthenticationFilter  : Did not set SecurityContextHolder since already authenticated UsernamePasswordAuthenticationToken [Principal=org.springframework.security.core.userdetails.User [Username=admin, Password=[PROTECTED], Enabled=true, AccountNonExpired=true, CredentialsNonExpired=true, AccountNonLocked=true, Granted Authorities=[ROLE_ADMIN, ROLE_MANAGER, ROLE_USER]], Credentials=[PROTECTED], Authenticated=true, Details=WebAuthenticationDetails [RemoteIpAddress=0:0:0:0:0:0:0:1, SessionId=null], Granted Authorities=[ROLE_ADMIN, ROLE_MANAGER, ROLE_USER]]
2025-12-18T12:42:18.562+05:30 DEBUG 85847 --- [bookstore] [http-nio-8080-exec-8] o.s.security.web.FilterChainProxy        : Secured GET /api/book-store-service/v1/authors
2025-12-18T12:42:18.563+05:30  INFO 85847 --- [bookstore] [http-nio-8080-exec-8] c.a.bookstore.service.AuthorService      : Fetching all authors
2025-12-18T12:42:18.621+05:30 TRACE 85847 --- [bookstore] [http-nio-8080-exec-8] o.s.s.w.header.writers.HstsHeaderWriter  : Not injecting HSTS header since it did not match request to [Is Secure]
